<?xml version="1.0" encoding="UTF-8"?>
<testsuite name="com.codingbat.HelloNameTest" tests="1" skipped="0" failures="0" errors="0" timestamp="2016-06-18T02:00:31" hostname="kali" time="0.045">
  <properties/>
  <testcase name="testHelloName" classname="com.codingbat.HelloNameTest" time="0.045"/>
  <system-out><![CDATA[]]></system-out>
  <system-err><![CDATA[]]></system-err>
</testsuite>
